This file contains any messages produced by compilers while
running configure, to aid debugging if configure makes a mistake.

It was created by clusterftpd configure 1.0, which was
generated by GNU Autoconf 2.63.  Invocation command line was

  $ /home/alex/workspace/clusterftpd/configure 

## --------- ##
## Platform. ##
## --------- ##

hostname = localhost.localdomain
uname -m = x86_64
uname -r = 2.6.32-279.22.1.el6.x86_64
uname -s = Linux
uname -v = #1 SMP Wed Feb 6 03:10:46 UTC 2013

/usr/bin/uname -p = unknown
/bin/uname -X     = unknown

/bin/arch              = x86_64
/usr/bin/arch -k       = unknown
/usr/convex/getsysinfo = unknown
/usr/bin/hostinfo      = unknown
/bin/machine           = unknown
/usr/bin/oslevel       = unknown
/bin/universe          = unknown

PATH: /usr/lib64/qt-3.3/bin
PATH: /usr/local/bin
PATH: /usr/bin
PATH: /bin
PATH: /usr/local/sbin
PATH: /usr/sbin
PATH: /sbin
PATH: /home/alex/bin


## ----------- ##
## Core tests. ##
## ----------- ##

configure:1836: checking build system type
configure:1854: result: x86_64-unknown-linux-gnu
configure:1876: checking host system type
configure:1891: result: x86_64-unknown-linux-gnu
configure:1913: checking target system type
configure:1928: result: x86_64-unknown-linux-gnu
configure:1972: checking for a BSD-compatible install
configure:2040: result: /usr/bin/install -c
configure:2051: checking whether build environment is sane
configure:2111: result: yes
configure:2252: checking for a thread-safe mkdir -p
configure:2291: result: /bin/mkdir -p
configure:2304: checking for gawk
configure:2320: found /usr/bin/gawk
configure:2331: result: gawk
configure:2342: checking whether make sets $(MAKE)
configure:2364: result: yes
configure:2505: checking for g++
configure:2521: found /usr/bin/g++
configure:2532: result: g++
configure:2559: checking for C++ compiler version
configure:2567: g++ --version >&5
g++ (GCC) 4.4.6 20120305 (Red Hat 4.4.6-4)
Copyright (C) 2010 Free Software Foundation, Inc.
This is free software; see the source for copying conditions.  There is NO
warranty; not even for MERCHANTABILITY or FITNESS FOR A PARTICULAR PURPOSE.

configure:2571: $? = 0
configure:2578: g++ -v >&5
Using built-in specs.
Target: x86_64-redhat-linux
Configured with: ../configure --prefix=/usr --mandir=/usr/share/man --infodir=/usr/share/info --with-bugurl=http://bugzilla.redhat.com/bugzilla --enable-bootstrap --enable-shared --enable-threads=posix --enable-checking=release --with-system-zlib --enable-__cxa_atexit --disable-libunwind-exceptions --enable-gnu-unique-object --enable-languages=c,c++,objc,obj-c++,java,fortran,ada --enable-java-awt=gtk --disable-dssi --with-java-home=/usr/lib/jvm/java-1.5.0-gcj-1.5.0.0/jre --enable-libgcj-multifile --enable-java-maintainer-mode --with-ecj-jar=/usr/share/java/eclipse-ecj.jar --disable-libjava-multilib --with-ppl --with-cloog --with-tune=generic --with-arch_32=i686 --build=x86_64-redhat-linux
Thread model: posix
gcc version 4.4.6 20120305 (Red Hat 4.4.6-4) (GCC) 
configure:2582: $? = 0
configure:2589: g++ -V >&5
g++: '-V' option must have argument
configure:2593: $? = 1
configure:2616: checking for C++ compiler default output file name
configure:2638: g++    conftest.cpp  >&5
configure:2642: $? = 0
configure:2680: result: a.out
configure:2699: checking whether the C++ compiler works
configure:2709: ./a.out
configure:2713: $? = 0
configure:2732: result: yes
configure:2739: checking whether we are cross compiling
configure:2741: result: no
configure:2744: checking for suffix of executables
configure:2751: g++ -o conftest    conftest.cpp  >&5
configure:2755: $? = 0
configure:2781: result: 
configure:2787: checking for suffix of object files
configure:2813: g++ -c   conftest.cpp >&5
configure:2817: $? = 0
configure:2842: result: o
configure:2846: checking whether we are using the GNU C++ compiler
configure:2875: g++ -c   conftest.cpp >&5
configure:2882: $? = 0
configure:2899: result: yes
configure:2908: checking whether g++ accepts -g
configure:2938: g++ -c -g  conftest.cpp >&5
configure:2945: $? = 0
configure:3046: result: yes
configure:3080: checking for style of include used by make
configure:3108: result: GNU
configure:3133: checking dependency style of g++
configure:3243: result: gcc3
configure:3421: creating ./config.status

## ---------------------- ##
## Running config.status. ##
## ---------------------- ##

This file was extended by clusterftpd config.status 1.0, which was
generated by GNU Autoconf 2.63.  Invocation command line was

  CONFIG_FILES    = 
  CONFIG_HEADERS  = 
  CONFIG_LINKS    = 
  CONFIG_COMMANDS = 
  $ ./config.status 

on localhost.localdomain

config.status:702: creating Makefile
config.status:702: creating src/Makefile
config.status:913: executing depfiles commands

## ---------------- ##
## Cache variables. ##
## ---------------- ##

ac_cv_build=x86_64-unknown-linux-gnu
ac_cv_cxx_compiler_gnu=yes
ac_cv_env_CCC_set=
ac_cv_env_CCC_value=
ac_cv_env_CPPFLAGS_set=
ac_cv_env_CPPFLAGS_value=
ac_cv_env_CXXFLAGS_set=
ac_cv_env_CXXFLAGS_value=
ac_cv_env_CXX_set=
ac_cv_env_CXX_value=
ac_cv_env_LDFLAGS_set=
ac_cv_env_LDFLAGS_value=
ac_cv_env_LIBS_set=
ac_cv_env_LIBS_value=
ac_cv_env_build_alias_set=
ac_cv_env_build_alias_value=
ac_cv_env_host_alias_set=
ac_cv_env_host_alias_value=
ac_cv_env_target_alias_set=
ac_cv_env_target_alias_value=
ac_cv_host=x86_64-unknown-linux-gnu
ac_cv_objext=o
ac_cv_path_install='/usr/bin/install -c'
ac_cv_path_mkdir=/bin/mkdir
ac_cv_prog_AWK=gawk
ac_cv_prog_ac_ct_CXX=g++
ac_cv_prog_cxx_g=yes
ac_cv_prog_make_make_set=yes
ac_cv_target=x86_64-unknown-linux-gnu
am_cv_CXX_dependencies_compiler_type=gcc3

## ----------------- ##
## Output variables. ##
## ----------------- ##

ACLOCAL='${SHELL} /home/alex/workspace/clusterftpd/missing --run aclocal-1.11'
AMDEPBACKSLASH='\'
AMDEP_FALSE='#'
AMDEP_TRUE=''
AMTAR='${SHELL} /home/alex/workspace/clusterftpd/missing --run tar'
AUTOCONF='${SHELL} /home/alex/workspace/clusterftpd/missing --run autoconf'
AUTOHEADER='${SHELL} /home/alex/workspace/clusterftpd/missing --run autoheader'
AUTOMAKE='${SHELL} /home/alex/workspace/clusterftpd/missing --run automake-1.11'
AWK='gawk'
CPPFLAGS=''
CXX='g++'
CXXDEPMODE='depmode=gcc3'
CXXFLAGS='-g -O2'
CYGPATH_W='echo'
DEFS='-DPACKAGE_NAME=\"clusterftpd\" -DPACKAGE_TARNAME=\"clusterftpd\" -DPACKAGE_VERSION=\"1.0\" -DPACKAGE_STRING=\"clusterftpd\ 1.0\" -DPACKAGE_BUGREPORT=\"\" -DPACKAGE=\"clusterftpd\" -DVERSION=\"1.0\"'
DEPDIR='.deps'
ECHO_C=''
ECHO_N='-n'
ECHO_T=''
EXEEXT=''
INSTALL_DATA='${INSTALL} -m 644'
INSTALL_PROGRAM='${INSTALL}'
INSTALL_SCRIPT='${INSTALL}'
INSTALL_STRIP_PROGRAM='$(install_sh) -c -s'
LDFLAGS=''
LIBOBJS=''
LIBS=''
LTLIBOBJS=''
MAKEINFO='${SHELL} /home/alex/workspace/clusterftpd/missing --run makeinfo'
MKDIR_P='/bin/mkdir -p'
OBJEXT='o'
PACKAGE='clusterftpd'
PACKAGE_BUGREPORT=''
PACKAGE_NAME='clusterftpd'
PACKAGE_STRING='clusterftpd 1.0'
PACKAGE_TARNAME='clusterftpd'
PACKAGE_VERSION='1.0'
PATH_SEPARATOR=':'
SET_MAKE=''
SHELL='/bin/sh'
STRIP=''
VERSION='1.0'
ac_ct_CXX='g++'
am__EXEEXT_FALSE=''
am__EXEEXT_TRUE='#'
am__fastdepCXX_FALSE='#'
am__fastdepCXX_TRUE=''
am__include='include'
am__isrc=''
am__leading_dot='.'
am__quote=''
am__tar='${AMTAR} chof - "$$tardir"'
am__untar='${AMTAR} xf -'
bindir='${exec_prefix}/bin'
build='x86_64-unknown-linux-gnu'
build_alias=''
build_cpu='x86_64'
build_os='linux-gnu'
build_vendor='unknown'
datadir='${datarootdir}'
datarootdir='${prefix}/share'
docdir='${datarootdir}/doc/${PACKAGE_TARNAME}'
dvidir='${docdir}'
exec_prefix='${prefix}'
host='x86_64-unknown-linux-gnu'
host_alias=''
host_cpu='x86_64'
host_os='linux-gnu'
host_vendor='unknown'
htmldir='${docdir}'
includedir='${prefix}/include'
infodir='${datarootdir}/info'
install_sh='${SHELL} /home/alex/workspace/clusterftpd/install-sh'
libdir='${exec_prefix}/lib'
libexecdir='${exec_prefix}/libexec'
localedir='${datarootdir}/locale'
localstatedir='${prefix}/var'
mandir='${datarootdir}/man'
mkdir_p='/bin/mkdir -p'
oldincludedir='/usr/include'
pdfdir='${docdir}'
prefix='/usr/local'
program_transform_name='s,x,x,'
psdir='${docdir}'
sbindir='${exec_prefix}/sbin'
sharedstatedir='${prefix}/com'
sysconfdir='${prefix}/etc'
target='x86_64-unknown-linux-gnu'
target_alias=''
target_cpu='x86_64'
target_os='linux-gnu'
target_vendor='unknown'

## ----------- ##
## confdefs.h. ##
## ----------- ##

#define PACKAGE_NAME "clusterftpd"
#define PACKAGE_TARNAME "clusterftpd"
#define PACKAGE_VERSION "1.0"
#define PACKAGE_STRING "clusterftpd 1.0"
#define PACKAGE_BUGREPORT ""
#define PACKAGE "clusterftpd"
#define VERSION "1.0"

configure: exit 0
